Performing C SOURCE FILE Test CMAKE_HAVE_LIBC_PTHREAD failed with the following output:
Change Dir: /home/zyf-lab/code_and_data/code/ElastcFusion_Realsense_Camera/GUI/build/CMakeFiles/CMakeTmp

Run Build Command(s):/usr/bin/make cmTC_bb8ce/fast && /usr/bin/make  -f CMakeFiles/cmTC_bb8ce.dir/build.make CMakeFiles/cmTC_bb8ce.dir/build
make[1]: Entering directory '/home/zyf-lab/code_and_data/code/ElastcFusion_Realsense_Camera/GUI/build/CMakeFiles/CMakeTmp'
Building C object CMakeFiles/cmTC_bb8ce.dir/src.c.o
/usr/bin/cc   -DCMAKE_HAVE_LIBC_PTHREAD   -o CMakeFiles/cmTC_bb8ce.dir/src.c.o   -c /home/zyf-lab/code_and_data/code/ElastcFusion_Realsense_Camera/GUI/build/CMakeFiles/CMakeTmp/src.c
Linking C executable cmTC_bb8ce
/usr/local/cmake/bin/cmake -E cmake_link_script CMakeFiles/cmTC_bb8ce.dir/link.txt --verbose=1
/usr/bin/cc  -DCMAKE_HAVE_LIBC_PTHREAD    -rdynamic CMakeFiles/cmTC_bb8ce.dir/src.c.o  -o cmTC_bb8ce 
CMakeFiles/cmTC_bb8ce.dir/src.c.o: In function `main':
src.c:(.text+0x3e): undefined reference to `pthread_create'
src.c:(.text+0x4a): undefined reference to `pthread_detach'
src.c:(.text+0x56): undefined reference to `pthread_cancel'
src.c:(.text+0x67): undefined reference to `pthread_join'
src.c:(.text+0x7b): undefined reference to `pthread_atfork'
collect2: error: ld returned 1 exit status
CMakeFiles/cmTC_bb8ce.dir/build.make:106: recipe for target 'cmTC_bb8ce' failed
make[1]: *** [cmTC_bb8ce] Error 1
make[1]: Leaving directory '/home/zyf-lab/code_and_data/code/ElastcFusion_Realsense_Camera/GUI/build/CMakeFiles/CMakeTmp'
Makefile:141: recipe for target 'cmTC_bb8ce/fast' failed
make: *** [cmTC_bb8ce/fast] Error 2


Source file was:
#include <pthread.h>

void* test_func(void* data)
{
  return data;
}

int main(void)
{
  pthread_t thread;
  pthread_create(&thread, NULL, test_func, NULL);
  pthread_detach(thread);
  pthread_cancel(thread);
  pthread_join(thread, NULL);
  pthread_atfork(NULL, NULL, NULL);
  pthread_exit(NULL);

  return 0;
}

Determining if the function pthread_create exists in the pthreads failed with the following output:
Change Dir: /home/zyf-lab/code_and_data/code/ElastcFusion_Realsense_Camera/GUI/build/CMakeFiles/CMakeTmp

Run Build Command(s):/usr/bin/make cmTC_06cc0/fast && /usr/bin/make  -f CMakeFiles/cmTC_06cc0.dir/build.make CMakeFiles/cmTC_06cc0.dir/build
make[1]: Entering directory '/home/zyf-lab/code_and_data/code/ElastcFusion_Realsense_Camera/GUI/build/CMakeFiles/CMakeTmp'
Building C object CMakeFiles/cmTC_06cc0.dir/CheckFunctionExists.c.o
/usr/bin/cc   -DCHECK_FUNCTION_EXISTS=pthread_create   -o CMakeFiles/cmTC_06cc0.dir/CheckFunctionExists.c.o   -c /usr/local/cmake/share/cmake-3.17/Modules/CheckFunctionExists.c
Linking C executable cmTC_06cc0
/usr/local/cmake/bin/cmake -E cmake_link_script CMakeFiles/cmTC_06cc0.dir/link.txt --verbose=1
/usr/bin/cc  -DCHECK_FUNCTION_EXISTS=pthread_create    -rdynamic CMakeFiles/cmTC_06cc0.dir/CheckFunctionExists.c.o  -o cmTC_06cc0  -lpthreads 
/usr/bin/ld: cannot find -lpthreads
collect2: error: ld returned 1 exit status
CMakeFiles/cmTC_06cc0.dir/build.make:106: recipe for target 'cmTC_06cc0' failed
make[1]: *** [cmTC_06cc0] Error 1
make[1]: Leaving directory '/home/zyf-lab/code_and_data/code/ElastcFusion_Realsense_Camera/GUI/build/CMakeFiles/CMakeTmp'
Makefile:141: recipe for target 'cmTC_06cc0/fast' failed
make: *** [cmTC_06cc0/fast] Error 2



Determining if the function cblas_dgemm_ exists failed with the following output:
Change Dir: /home/zyf-lab/code_and_data/code/ElastcFusion_Realsense_Camera/GUI/build/CMakeFiles/CMakeTmp

Run Build Command(s):/usr/bin/make cmTC_dceaf/fast && /usr/bin/make  -f CMakeFiles/cmTC_dceaf.dir/build.make CMakeFiles/cmTC_dceaf.dir/build
make[1]: Entering directory '/home/zyf-lab/code_and_data/code/ElastcFusion_Realsense_Camera/GUI/build/CMakeFiles/CMakeTmp'
Building C object CMakeFiles/cmTC_dceaf.dir/CheckFunctionExists.c.o
/usr/bin/cc -DBLAS_USE_F2C  -DCHECK_FUNCTION_EXISTS=cblas_dgemm_   -o CMakeFiles/cmTC_dceaf.dir/CheckFunctionExists.c.o   -c /usr/local/cmake/share/cmake-3.17/Modules/CheckFunctionExists.c
Linking C executable cmTC_dceaf
/usr/local/cmake/bin/cmake -E cmake_link_script CMakeFiles/cmTC_dceaf.dir/link.txt --verbose=1
/usr/bin/cc  -DCHECK_FUNCTION_EXISTS=cblas_dgemm_    -rdynamic CMakeFiles/cmTC_dceaf.dir/CheckFunctionExists.c.o  -o cmTC_dceaf  /usr/lib/x86_64-linux-gnu/libcblas.so /usr/lib/x86_64-linux-gnu/libf77blas.so /usr/lib/x86_64-linux-gnu/libatlas.so 
CMakeFiles/cmTC_dceaf.dir/CheckFunctionExists.c.o: In function `main':
CheckFunctionExists.c:(.text+0x10): undefined reference to `cblas_dgemm_'
collect2: error: ld returned 1 exit status
CMakeFiles/cmTC_dceaf.dir/build.make:109: recipe for target 'cmTC_dceaf' failed
make[1]: *** [cmTC_dceaf] Error 1
make[1]: Leaving directory '/home/zyf-lab/code_and_data/code/ElastcFusion_Realsense_Camera/GUI/build/CMakeFiles/CMakeTmp'
Makefile:141: recipe for target 'cmTC_dceaf/fast' failed
make: *** [cmTC_dceaf/fast] Error 2



